<?xml version="1.0" encoding="UTF-8"?>
<testsuites name="jest tests" tests="1" failures="0" errors="0" time="4.979">
  <testsuite name="undefined" errors="0" failures="0" skipped="0" timestamp="2022-01-22T02:28:07" time="4.666" tests="1">
    <testcase classname=" renders correctly" name=" renders correctly" time="3.167">
    </testcase>
  </testsuite>
</testsuites>